<?xml version="1.0" encoding="UTF-8"?>
<!-- Generated by org.testng.reporters.JUnitReportReporter -->
<testsuite hostname="DESKTOP-PP8RICL" failures="0" tests="1" name="com.restassured.schema.validation.JsonSchemaValidationTest" time="2.846" errors="0" timestamp="2024-12-31T14:20:45 BDT" skipped="0">
  <testcase classname="com.restassured.schema.validation.JsonSchemaValidationTest" name="validateJsonSchema" time="2.846"/>
</testsuite> <!-- com.restassured.schema.validation.JsonSchemaValidationTest -->
